<?xml version="1.0" encoding="UTF-8"?>
<!-- Generated by org.testng.reporters.JUnitReportReporter -->
<testsuite skipped="0" hostname="DESKTOP-J8OAB9K" name="maven.MavenProject.DataDrivenLogIn" tests="1" failures="0" timestamp="28 Aug 2020 19:19:37 GMT" time="9.916" errors="0">
  <testcase name="logIn" time="9.916" classname="maven.MavenProject.DataDrivenLogIn"/>
</testsuite> <!-- maven.MavenProject.DataDrivenLogIn -->
